# JRE version: OpenJDK Runtime Environment (8.0_76-b03) (build 1.8.0_76-release-b03)
# Java VM: OpenJDK 64-Bit Server VM (25.76-b03 mixed mode windows-amd64 compressed oops)
Heap:
 PSYoungGen      total 281600K, used 63608K [0x00000000e0000000, 0x00000000f2b00000, 0x0000000100000000)
  eden space 257024K, 15% used [0x00000000e0000000,0x00000000e26209c8,0x00000000efb00000)
  from space 24576K, 99% used [0x00000000efb00000,0x00000000f12fd980,0x00000000f1300000)
  to   space 13824K, 0% used [0x00000000f1d80000,0x00000000f1d80000,0x00000000f2b00000)
 ParOldGen       total 157184K, used 47871K [0x00000000a0000000, 0x00000000a9980000, 0x00000000e0000000)
  object space 157184K, 30% used [0x00000000a0000000,0x00000000a2ebff00,0x00000000a9980000)
 Metaspace       used 63343K, capacity 65114K, committed 65408K, reserved 1105920K
  class space    used 8125K, capacity 8525K, committed 8576K, reserved 1048576K
GC Heap History (10 events):
Event: 26.971 GC heap before
{Heap before GC invocations=14 (full 2):
 PSYoungGen      total 181248K, used 181216K [0x00000000e0000000, 0x00000000efb80000, 0x0000000100000000)
  eden space 164864K, 100% used [0x00000000e0000000,0x00000000ea100000,0x00000000ea100000)
  from space 16384K, 99% used [0x00000000ea100000,0x00000000eb0f8018,0x00000000eb100000)
  to   space 24064K, 0% used [0x00000000ee400000,0x00000000ee400000,0x00000000efb80000)
 ParOldGen       total 91648K, used 36823K [0x00000000a0000000, 0x00000000a5980000, 0x00000000e0000000)
  object space 91648K, 40% used [0x00000000a0000000,0x00000000a23f5d50,0x00000000a5980000)
 Metaspace       used 52640K, capacity 54090K, committed 54144K, reserved 1095680K
  class space    used 6933K, capacity 7277K, committed 7296K, reserved 1048576K
Event: 27.000 GC heap after
Heap after GC invocations=14 (full 2):
 PSYoungGen      total 223232K, used 8657K [0x00000000e0000000, 0x00000000ef580000, 0x0000000100000000)
  eden space 205312K, 0% used [0x00000000e0000000,0x00000000e0000000,0x00000000ec880000)
  from space 17920K, 48% used [0x00000000ee400000,0x00000000eec745c8,0x00000000ef580000)
  to   space 23040K, 0% used [0x00000000ec880000,0x00000000ec880000,0x00000000edf00000)
 ParOldGen       total 91648K, used 49453K [0x00000000a0000000, 0x00000000a5980000, 0x00000000e0000000)
  object space 91648K, 53% used [0x00000000a0000000,0x00000000a304b5e8,0x00000000a5980000)
 Metaspace       used 52640K, capacity 54090K, committed 54144K, reserved 1095680K
  class space    used 6933K, capacity 7277K, committed 7296K, reserved 1048576K
}
Event: 28.523 GC heap before
{Heap before GC invocations=15 (full 2):
 PSYoungGen      total 223232K, used 71474K [0x00000000e0000000, 0x00000000ef580000, 0x0000000100000000)
  eden space 205312K, 30% used [0x00000000e0000000,0x00000000e3d584c8,0x00000000ec880000)
  from space 17920K, 48% used [0x00000000ee400000,0x00000000eec745c8,0x00000000ef580000)
  to   space 23040K, 0% used [0x00000000ec880000,0x00000000ec880000,0x00000000edf00000)
 ParOldGen       total 91648K, used 49453K [0x00000000a0000000, 0x00000000a5980000, 0x00000000e0000000)
  object space 91648K, 53% used [0x00000000a0000000,0x00000000a304b5e8,0x00000000a5980000)
 Metaspace       used 57660K, capacity 59074K, committed 59136K, reserved 1099776K
  class space    used 7528K, capacity 7891K, committed 7936K, reserved 1048576K
Event: 28.591 GC heap after
Heap after GC invocations=15 (full 2):
 PSYoungGen      total 228352K, used 21043K [0x00000000e0000000, 0x00000000f3680000, 0x0000000100000000)
  eden space 205312K, 0% used [0x00000000e0000000,0x00000000e0000000,0x00000000ec880000)
  from space 23040K, 91% used [0x00000000ec880000,0x00000000edd0ce98,0x00000000edf00000)
  to   space 25600K, 0% used [0x00000000f1d80000,0x00000000f1d80000,0x00000000f3680000)
 ParOldGen       total 91648K, used 49461K [0x00000000a0000000, 0x00000000a5980000, 0x00000000e0000000)
  object space 91648K, 53% used [0x00000000a0000000,0x00000000a304d5e8,0x00000000a5980000)
 Metaspace       used 57660K, capacity 59074K, committed 59136K, reserved 1099776K
  class space    used 7528K, capacity 7891K, committed 7936K, reserved 1048576K
}
Event: 28.591 GC heap before
{Heap before GC invocations=16 (full 3):
 PSYoungGen      total 228352K, used 21043K [0x00000000e0000000, 0x00000000f3680000, 0x0000000100000000)
  eden space 205312K, 0% used [0x00000000e0000000,0x00000000e0000000,0x00000000ec880000)
  from space 23040K, 91% used [0x00000000ec880000,0x00000000edd0ce98,0x00000000edf00000)
  to   space 25600K, 0% used [0x00000000f1d80000,0x00000000f1d80000,0x00000000f3680000)
 ParOldGen       total 91648K, used 49461K [0x00000000a0000000, 0x00000000a5980000, 0x00000000e0000000)
  object space 91648K, 53% used [0x00000000a0000000,0x00000000a304d5e8,0x00000000a5980000)
 Metaspace       used 57660K, capacity 59074K, committed 59136K, reserved 1099776K
  class space    used 7528K, capacity 7891K, committed 7936K, reserved 1048576K
Event: 29.214 GC heap after
Heap after GC invocations=16 (full 3):
 PSYoungGen      total 228352K, used 0K [0x00000000e0000000, 0x00000000f3680000, 0x0000000100000000)
  eden space 205312K, 0% used [0x00000000e0000000,0x00000000e0000000,0x00000000ec880000)
  from space 23040K, 0% used [0x00000000ec880000,0x00000000ec880000,0x00000000edf00000)
  to   space 25600K, 0% used [0x00000000f1d80000,0x00000000f1d80000,0x00000000f3680000)
 ParOldGen       total 157184K, used 47391K [0x00000000a0000000, 0x00000000a9980000, 0x00000000e0000000)
  object space 157184K, 30% used [0x00000000a0000000,0x00000000a2e47db0,0x00000000a9980000)
 Metaspace       used 57658K, capacity 59068K, committed 59136K, reserved 1099776K
  class space    used 7527K, capacity 7890K, committed 7936K, reserved 1048576K
}
Event: 30.455 GC heap before
{Heap before GC invocations=17 (full 3):
 PSYoungGen      total 228352K, used 204691K [0x00000000e0000000, 0x00000000f3680000, 0x0000000100000000)
  eden space 205312K, 99% used [0x00000000e0000000,0x00000000ec7e4c10,0x00000000ec880000)
  from space 23040K, 0% used [0x00000000ec880000,0x00000000ec880000,0x00000000edf00000)
  to   space 25600K, 0% used [0x00000000f1d80000,0x00000000f1d80000,0x00000000f3680000)
 ParOldGen       total 157184K, used 47391K [0x00000000a0000000, 0x00000000a9980000, 0x00000000e0000000)
  object space 157184K, 30% used [0x00000000a0000000,0x00000000a2e47db0,0x00000000a9980000)
 Metaspace       used 59086K, capacity 60712K, committed 60928K, reserved 1101824K
  class space    used 7706K, capacity 8102K, committed 8192K, reserved 1048576K
Event: 30.469 GC heap after
Heap after GC invocations=17 (full 3):
 PSYoungGen      total 270848K, used 11192K [0x00000000e0000000, 0x00000000f2b00000, 0x0000000100000000)
  eden space 257024K, 0% used [0x00000000e0000000,0x00000000e0000000,0x00000000efb00000)
  from space 13824K, 80% used [0x00000000f1d80000,0x00000000f286e378,0x00000000f2b00000)
  to   space 24576K, 0% used [0x00000000efb00000,0x00000000efb00000,0x00000000f1300000)
 ParOldGen       total 157184K, used 47399K [0x00000000a0000000, 0x00000000a9980000, 0x00000000e0000000)
  object space 157184K, 30% used [0x00000000a0000000,0x00000000a2e49db0,0x00000000a9980000)
 Metaspace       used 59086K, capacity 60712K, committed 60928K, reserved 1101824K
  class space    used 7706K, capacity 8102K, committed 8192K, reserved 1048576K
}
Event: 33.532 GC heap before
{Heap before GC invocations=18 (full 3):
 PSYoungGen      total 270848K, used 268216K [0x00000000e0000000, 0x00000000f2b00000, 0x0000000100000000)
  eden space 257024K, 100% used [0x00000000e0000000,0x00000000efb00000,0x00000000efb00000)
  from space 13824K, 80% used [0x00000000f1d80000,0x00000000f286e378,0x00000000f2b00000)
  to   space 24576K, 0% used [0x00000000efb00000,0x00000000efb00000,0x00000000f1300000)
 ParOldGen       total 157184K, used 47399K [0x00000000a0000000, 0x00000000a9980000, 0x00000000e0000000)
  object space 157184K, 30% used [0x00000000a0000000,0x00000000a2e49db0,0x00000000a9980000)
 Metaspace       used 63066K, capacity 64856K, committed 65152K, reserved 1105920K
  class space    used 8109K, capacity 8524K, committed 8576K, reserved 1048576K
Event: 33.625 GC heap after
Heap after GC invocations=18 (full 3):
 PSYoungGen      total 281600K, used 24566K [0x00000000e0000000, 0x00000000f2b00000, 0x0000000100000000)
  eden space 257024K, 0% used [0x00000000e0000000,0x00000000e0000000,0x00000000efb00000)
  from space 24576K, 99% used [0x00000000efb00000,0x00000000f12fd980,0x00000000f1300000)
  to   space 13824K, 0% used [0x00000000f1d80000,0x00000000f1d80000,0x00000000f2b00000)
 ParOldGen       total 157184K, used 47871K [0x00000000a0000000, 0x00000000a9980000, 0x00000000e0000000)
  object space 157184K, 30% used [0x00000000a0000000,0x00000000a2ebff00,0x00000000a9980000)
 Metaspace       used 63066K, capacity 64856K, committed 65152K, reserved 1105920K
  class space    used 8109K, capacity 8524K, committed 8576K, reserved 1048576K
}

