# JRE version: OpenJDK Runtime Environment (8.0_76-b03) (build 1.8.0_76-release-b03)
# Java VM: OpenJDK 64-Bit Server VM (25.76-b03 mixed mode windows-amd64 compressed oops)
Heap:
 PSYoungGen      total 433152K, used 131282K [0x00000000e0000000, 0x0000000100000000, 0x0000000100000000)
  eden space 336896K, 30% used [0x00000000e0000000,0x00000000e655db38,0x00000000f4900000)
  from space 96256K, 28% used [0x00000000fa200000,0x00000000fbcd70a8,0x0000000100000000)
  to   space 91136K, 0% used [0x00000000f4900000,0x00000000f4900000,0x00000000fa200000)
 ParOldGen       total 378880K, used 54397K [0x00000000a0000000, 0x00000000b7200000, 0x00000000e0000000)
  object space 378880K, 14% used [0x00000000a0000000,0x00000000a351f718,0x00000000b7200000)
 Metaspace       used 71231K, capacity 74178K, committed 74624K, reserved 1114112K
  class space    used 8736K, capacity 9263K, committed 9344K, reserved 1048576K
GC Heap History (10 events):
Event: 3662.918 GC heap before
{Heap before GC invocations=69 (full 13):
 PSYoungGen      total 417280K, used 354088K [0x00000000e0000000, 0x00000000ff180000, 0x0000000100000000)
  eden space 320512K, 99% used [0x00000000e0000000,0x00000000f38af130,0x00000000f3900000)
  from space 96768K, 35% used [0x00000000f9300000,0x00000000fb41b160,0x00000000ff180000)
  to   space 92160K, 0% used [0x00000000f3900000,0x00000000f3900000,0x00000000f9300000)
 ParOldGen       total 378880K, used 218750K [0x00000000a0000000, 0x00000000b7200000, 0x00000000e0000000)
  object space 378880K, 57% used [0x00000000a0000000,0x00000000ad59f800,0x00000000b7200000)
 Metaspace       used 71423K, capacity 74426K, committed 74624K, reserved 1114112K
  class space    used 8800K, capacity 9328K, committed 9344K, reserved 1048576K
Event: 3662.950 GC heap after
Heap after GC invocations=69 (full 13):
 PSYoungGen      total 412672K, used 61852K [0x00000000e0000000, 0x0000000100000000, 0x0000000100000000)
  eden space 320512K, 0% used [0x00000000e0000000,0x00000000e0000000,0x00000000f3900000)
  from space 92160K, 67% used [0x00000000f3900000,0x00000000f7567368,0x00000000f9300000)
  to   space 95744K, 0% used [0x00000000fa280000,0x00000000fa280000,0x0000000100000000)
 ParOldGen       total 378880K, used 229248K [0x00000000a0000000, 0x00000000b7200000, 0x00000000e0000000)
  object space 378880K, 60% used [0x00000000a0000000,0x00000000adfe0150,0x00000000b7200000)
 Metaspace       used 71423K, capacity 74426K, committed 74624K, reserved 1114112K
  class space    used 8800K, capacity 9328K, committed 9344K, reserved 1048576K
}
Event: 3663.623 GC heap before
{Heap before GC invocations=70 (full 13):
 PSYoungGen      total 412672K, used 382307K [0x00000000e0000000, 0x0000000100000000, 0x0000000100000000)
  eden space 320512K, 99% used [0x00000000e0000000,0x00000000f38f1bb8,0x00000000f3900000)
  from space 92160K, 67% used [0x00000000f3900000,0x00000000f7567368,0x00000000f9300000)
  to   space 95744K, 0% used [0x00000000fa280000,0x00000000fa280000,0x0000000100000000)
 ParOldGen       total 378880K, used 229248K [0x00000000a0000000, 0x00000000b7200000, 0x00000000e0000000)
  object space 378880K, 60% used [0x00000000a0000000,0x00000000adfe0150,0x00000000b7200000)
 Metaspace       used 71436K, capacity 74432K, committed 74624K, reserved 1114112K
  class space    used 8801K, capacity 9329K, committed 9344K, reserved 1048576K
Event: 3663.641 GC heap after
Heap after GC invocations=70 (full 13):
 PSYoungGen      total 428544K, used 9689K [0x00000000e0000000, 0x0000000100000000, 0x0000000100000000)
  eden space 332800K, 0% used [0x00000000e0000000,0x00000000e0000000,0x00000000f4500000)
  from space 95744K, 10% used [0x00000000fa280000,0x00000000fabf64d8,0x0000000100000000)
  to   space 95744K, 0% used [0x00000000f4500000,0x00000000f4500000,0x00000000fa280000)
 ParOldGen       total 378880K, used 268752K [0x00000000a0000000, 0x00000000b7200000, 0x00000000e0000000)
  object space 378880K, 70% used [0x00000000a0000000,0x00000000b0674138,0x00000000b7200000)
 Metaspace       used 71436K, capacity 74432K, committed 74624K, reserved 1114112K
  class space    used 8801K, capacity 9329K, committed 9344K, reserved 1048576K
}
Event: 3664.245 GC heap before
{Heap before GC invocations=71 (full 13):
 PSYoungGen      total 428544K, used 180190K [0x00000000e0000000, 0x0000000100000000, 0x0000000100000000)
  eden space 332800K, 51% used [0x00000000e0000000,0x00000000ea681568,0x00000000f4500000)
  from space 95744K, 10% used [0x00000000fa280000,0x00000000fabf64d8,0x0000000100000000)
  to   space 95744K, 0% used [0x00000000f4500000,0x00000000f4500000,0x00000000fa280000)
 ParOldGen       total 378880K, used 268752K [0x00000000a0000000, 0x00000000b7200000, 0x00000000e0000000)
  object space 378880K, 70% used [0x00000000a0000000,0x00000000b0674138,0x00000000b7200000)
 Metaspace       used 71436K, capacity 74432K, committed 74624K, reserved 1114112K
  class space    used 8801K, capacity 9329K, committed 9344K, reserved 1048576K
Event: 3664.250 GC heap after
Heap after GC invocations=71 (full 13):
 PSYoungGen      total 333312K, used 153K [0x00000000e0000000, 0x0000000100000000, 0x0000000100000000)
  eden space 332800K, 0% used [0x00000000e0000000,0x00000000e0000000,0x00000000f4500000)
  from space 512K, 30% used [0x00000000f4500000,0x00000000f45266f0,0x00000000f4580000)
  to   space 96256K, 0% used [0x00000000fa200000,0x00000000fa200000,0x0000000100000000)
 ParOldGen       total 378880K, used 268833K [0x00000000a0000000, 0x00000000b7200000, 0x00000000e0000000)
  object space 378880K, 70% used [0x00000000a0000000,0x00000000b06884a8,0x00000000b7200000)
 Metaspace       used 71436K, capacity 74432K, committed 74624K, reserved 1114112K
  class space    used 8801K, capacity 9329K, committed 9344K, reserved 1048576K
}
Event: 3664.250 GC heap before
{Heap before GC invocations=72 (full 14):
 PSYoungGen      total 333312K, used 153K [0x00000000e0000000, 0x0000000100000000, 0x0000000100000000)
  eden space 332800K, 0% used [0x00000000e0000000,0x00000000e0000000,0x00000000f4500000)
  from space 512K, 30% used [0x00000000f4500000,0x00000000f45266f0,0x00000000f4580000)
  to   space 96256K, 0% used [0x00000000fa200000,0x00000000fa200000,0x0000000100000000)
 ParOldGen       total 378880K, used 268833K [0x00000000a0000000, 0x00000000b7200000, 0x00000000e0000000)
  object space 378880K, 70% used [0x00000000a0000000,0x00000000b06884a8,0x00000000b7200000)
 Metaspace       used 71436K, capacity 74432K, committed 74624K, reserved 1114112K
  class space    used 8801K, capacity 9329K, committed 9344K, reserved 1048576K
Event: 3664.693 GC heap after
Heap after GC invocations=72 (full 14):
 PSYoungGen      total 333312K, used 0K [0x00000000e0000000, 0x0000000100000000, 0x0000000100000000)
  eden space 332800K, 0% used [0x00000000e0000000,0x00000000e0000000,0x00000000f4500000)
  from space 512K, 0% used [0x00000000f4500000,0x00000000f4500000,0x00000000f4580000)
  to   space 96256K, 0% used [0x00000000fa200000,0x00000000fa200000,0x0000000100000000)
 ParOldGen       total 378880K, used 54389K [0x00000000a0000000, 0x00000000b7200000, 0x00000000e0000000)
  object space 378880K, 14% used [0x00000000a0000000,0x00000000a351d718,0x00000000b7200000)
 Metaspace       used 71036K, capacity 74018K, committed 74624K, reserved 1114112K
  class space    used 8728K, capacity 9255K, committed 9344K, reserved 1048576K
}
Event: 4030.031 GC heap before
{Heap before GC invocations=73 (full 14):
 PSYoungGen      total 333312K, used 331401K [0x00000000e0000000, 0x0000000100000000, 0x0000000100000000)
  eden space 332800K, 99% used [0x00000000e0000000,0x00000000f43a2560,0x00000000f4500000)
  from space 512K, 0% used [0x00000000f4500000,0x00000000f4500000,0x00000000f4580000)
  to   space 96256K, 0% used [0x00000000fa200000,0x00000000fa200000,0x0000000100000000)
 ParOldGen       total 378880K, used 54389K [0x00000000a0000000, 0x00000000b7200000, 0x00000000e0000000)
  object space 378880K, 14% used [0x00000000a0000000,0x00000000a351d718,0x00000000b7200000)
 Metaspace       used 71176K, capacity 74178K, committed 74624K, reserved 1114112K
  class space    used 8736K, capacity 9263K, committed 9344K, reserved 1048576K
Event: 4030.066 GC heap after
Heap after GC invocations=73 (full 14):
 PSYoungGen      total 433152K, used 27484K [0x00000000e0000000, 0x0000000100000000, 0x0000000100000000)
  eden space 336896K, 0% used [0x00000000e0000000,0x00000000e0000000,0x00000000f4900000)
  from space 96256K, 28% used [0x00000000fa200000,0x00000000fbcd70a8,0x0000000100000000)
  to   space 91136K, 0% used [0x00000000f4900000,0x00000000f4900000,0x00000000fa200000)
 ParOldGen       total 378880K, used 54397K [0x00000000a0000000, 0x00000000b7200000, 0x00000000e0000000)
  object space 378880K, 14% used [0x00000000a0000000,0x00000000a351f718,0x00000000b7200000)
 Metaspace       used 71176K, capacity 74178K, committed 74624K, reserved 1114112K
  class space    used 8736K, capacity 9263K, committed 9344K, reserved 1048576K
}

