# JRE version: OpenJDK Runtime Environment (8.0_76-b03) (build 1.8.0_76-release-b03)
# Java VM: OpenJDK 64-Bit Server VM (25.76-b03 mixed mode windows-amd64 compressed oops)
Heap:
 PSYoungGen      total 333824K, used 271236K [0x00000000e0000000, 0x00000000fce00000, 0x0000000100000000)
  eden space 307712K, 79% used [0x00000000e0000000,0x00000000eef624d0,0x00000000f2c80000)
  from space 26112K, 99% used [0x00000000f2c80000,0x00000000f45fee60,0x00000000f4600000)
  to   space 34816K, 0% used [0x00000000fac00000,0x00000000fac00000,0x00000000fce00000)
 ParOldGen       total 146432K, used 60193K [0x00000000a0000000, 0x00000000a8f00000, 0x00000000e0000000)
  object space 146432K, 41% used [0x00000000a0000000,0x00000000a3ac85a8,0x00000000a8f00000)
 Metaspace       used 63814K, capacity 65612K, committed 65664K, reserved 1105920K
  class space    used 8125K, capacity 8548K, committed 8576K, reserved 1048576K
GC Heap History (10 events):
Event: 45.767 GC heap before
{Heap before GC invocations=14 (full 2):
 PSYoungGen      total 198144K, used 198128K [0x00000000e0000000, 0x00000000f1980000, 0x0000000100000000)
  eden space 180736K, 100% used [0x00000000e0000000,0x00000000eb080000,0x00000000eb080000)
  from space 17408K, 99% used [0x00000000eb080000,0x00000000ec17c078,0x00000000ec180000)
  to   space 25088K, 0% used [0x00000000f0100000,0x00000000f0100000,0x00000000f1980000)
 ParOldGen       total 88576K, used 37049K [0x00000000a0000000, 0x00000000a5680000, 0x00000000e0000000)
  object space 88576K, 41% used [0x00000000a0000000,0x00000000a242e408,0x00000000a5680000)
 Metaspace       used 56676K, capacity 58168K, committed 58368K, reserved 1099776K
  class space    used 7442K, capacity 7824K, committed 7936K, reserved 1048576K
Event: 45.812 GC heap after
Heap after GC invocations=14 (full 2):
 PSYoungGen      total 250880K, used 15475K [0x00000000e0000000, 0x00000000f1380000, 0x0000000100000000)
  eden space 231936K, 0% used [0x00000000e0000000,0x00000000e0000000,0x00000000ee280000)
  from space 18944K, 81% used [0x00000000f0100000,0x00000000f101cc30,0x00000000f1380000)
  to   space 25088K, 0% used [0x00000000ee280000,0x00000000ee280000,0x00000000efb00000)
 ParOldGen       total 88576K, used 48125K [0x00000000a0000000, 0x00000000a5680000, 0x00000000e0000000)
  object space 88576K, 54% used [0x00000000a0000000,0x00000000a2eff4a0,0x00000000a5680000)
 Metaspace       used 56676K, capacity 58168K, committed 58368K, reserved 1099776K
  class space    used 7442K, capacity 7824K, committed 7936K, reserved 1048576K
}
Event: 46.902 GC heap before
{Heap before GC invocations=15 (full 2):
 PSYoungGen      total 250880K, used 46339K [0x00000000e0000000, 0x00000000f1380000, 0x0000000100000000)
  eden space 231936K, 13% used [0x00000000e0000000,0x00000000e1e23fd8,0x00000000ee280000)
  from space 18944K, 81% used [0x00000000f0100000,0x00000000f101cc30,0x00000000f1380000)
  to   space 25088K, 0% used [0x00000000ee280000,0x00000000ee280000,0x00000000efb00000)
 ParOldGen       total 88576K, used 48125K [0x00000000a0000000, 0x00000000a5680000, 0x00000000e0000000)
  object space 88576K, 54% used [0x00000000a0000000,0x00000000a2eff4a0,0x00000000a5680000)
 Metaspace       used 57641K, capacity 59064K, committed 59136K, reserved 1099776K
  class space    used 7518K, capacity 7888K, committed 7936K, reserved 1048576K
Event: 46.976 GC heap after
Heap after GC invocations=15 (full 2):
 PSYoungGen      total 257024K, used 20951K [0x00000000e0000000, 0x00000000f6800000, 0x0000000100000000)
  eden space 231936K, 0% used [0x00000000e0000000,0x00000000e0000000,0x00000000ee280000)
  from space 25088K, 83% used [0x00000000ee280000,0x00000000ef6f5f18,0x00000000efb00000)
  to   space 27136K, 0% used [0x00000000f4d80000,0x00000000f4d80000,0x00000000f6800000)
 ParOldGen       total 88576K, used 48133K [0x00000000a0000000, 0x00000000a5680000, 0x00000000e0000000)
  object space 88576K, 54% used [0x00000000a0000000,0x00000000a2f014a0,0x00000000a5680000)
 Metaspace       used 57641K, capacity 59064K, committed 59136K, reserved 1099776K
  class space    used 7518K, capacity 7888K, committed 7936K, reserved 1048576K
}
Event: 46.976 GC heap before
{Heap before GC invocations=16 (full 3):
 PSYoungGen      total 257024K, used 20951K [0x00000000e0000000, 0x00000000f6800000, 0x0000000100000000)
  eden space 231936K, 0% used [0x00000000e0000000,0x00000000e0000000,0x00000000ee280000)
  from space 25088K, 83% used [0x00000000ee280000,0x00000000ef6f5f18,0x00000000efb00000)
  to   space 27136K, 0% used [0x00000000f4d80000,0x00000000f4d80000,0x00000000f6800000)
 ParOldGen       total 88576K, used 48133K [0x00000000a0000000, 0x00000000a5680000, 0x00000000e0000000)
  object space 88576K, 54% used [0x00000000a0000000,0x00000000a2f014a0,0x00000000a5680000)
 Metaspace       used 57641K, capacity 59064K, committed 59136K, reserved 1099776K
  class space    used 7518K, capacity 7888K, committed 7936K, reserved 1048576K
Event: 47.673 GC heap after
Heap after GC invocations=16 (full 3):
 PSYoungGen      total 257024K, used 0K [0x00000000e0000000, 0x00000000f6800000, 0x0000000100000000)
  eden space 231936K, 0% used [0x00000000e0000000,0x00000000e0000000,0x00000000ee280000)
  from space 25088K, 0% used [0x00000000ee280000,0x00000000ee280000,0x00000000efb00000)
  to   space 27136K, 0% used [0x00000000f4d80000,0x00000000f4d80000,0x00000000f6800000)
 ParOldGen       total 146432K, used 47042K [0x00000000a0000000, 0x00000000a8f00000, 0x00000000e0000000)
  object space 146432K, 32% used [0x00000000a0000000,0x00000000a2df0a68,0x00000000a8f00000)
 Metaspace       used 57639K, capacity 59058K, committed 59136K, reserved 1099776K
  class space    used 7518K, capacity 7887K, committed 7936K, reserved 1048576K
}
Event: 49.655 GC heap before
{Heap before GC invocations=17 (full 3):
 PSYoungGen      total 257024K, used 230955K [0x00000000e0000000, 0x00000000f6800000, 0x0000000100000000)
  eden space 231936K, 99% used [0x00000000e0000000,0x00000000ee18ad30,0x00000000ee280000)
  from space 25088K, 0% used [0x00000000ee280000,0x00000000ee280000,0x00000000efb00000)
  to   space 27136K, 0% used [0x00000000f4d80000,0x00000000f4d80000,0x00000000f6800000)
 ParOldGen       total 146432K, used 47042K [0x00000000a0000000, 0x00000000a8f00000, 0x00000000e0000000)
  object space 146432K, 32% used [0x00000000a0000000,0x00000000a2df0a68,0x00000000a8f00000)
 Metaspace       used 59118K, capacity 60766K, committed 60928K, reserved 1101824K
  class space    used 7701K, capacity 8099K, committed 8192K, reserved 1048576K
Event: 49.679 GC heap after
Heap after GC invocations=17 (full 3):
 PSYoungGen      total 326144K, used 11197K [0x00000000e0000000, 0x00000000f5f80000, 0x0000000100000000)
  eden space 307712K, 0% used [0x00000000e0000000,0x00000000e0000000,0x00000000f2c80000)
  from space 18432K, 60% used [0x00000000f4d80000,0x00000000f586f678,0x00000000f5f80000)
  to   space 26112K, 0% used [0x00000000f2c80000,0x00000000f2c80000,0x00000000f4600000)
 ParOldGen       total 146432K, used 47050K [0x00000000a0000000, 0x00000000a8f00000, 0x00000000e0000000)
  object space 146432K, 32% used [0x00000000a0000000,0x00000000a2df2a68,0x00000000a8f00000)
 Metaspace       used 59118K, capacity 60766K, committed 60928K, reserved 1101824K
  class space    used 7701K, capacity 8099K, committed 8192K, reserved 1048576K
}
Event: 55.319 GC heap before
{Heap before GC invocations=18 (full 3):
 PSYoungGen      total 326144K, used 318909K [0x00000000e0000000, 0x00000000f5f80000, 0x0000000100000000)
  eden space 307712K, 100% used [0x00000000e0000000,0x00000000f2c80000,0x00000000f2c80000)
  from space 18432K, 60% used [0x00000000f4d80000,0x00000000f586f678,0x00000000f5f80000)
  to   space 26112K, 0% used [0x00000000f2c80000,0x00000000f2c80000,0x00000000f4600000)
 ParOldGen       total 146432K, used 47050K [0x00000000a0000000, 0x00000000a8f00000, 0x00000000e0000000)
  object space 146432K, 32% used [0x00000000a0000000,0x00000000a2df2a68,0x00000000a8f00000)
 Metaspace       used 63464K, capacity 65228K, committed 65408K, reserved 1105920K
  class space    used 8123K, capacity 8548K, committed 8576K, reserved 1048576K
Event: 55.403 GC heap after
Heap after GC invocations=18 (full 3):
 PSYoungGen      total 333824K, used 26107K [0x00000000e0000000, 0x00000000fce00000, 0x0000000100000000)
  eden space 307712K, 0% used [0x00000000e0000000,0x00000000e0000000,0x00000000f2c80000)
  from space 26112K, 99% used [0x00000000f2c80000,0x00000000f45fee60,0x00000000f4600000)
  to   space 34816K, 0% used [0x00000000fac00000,0x00000000fac00000,0x00000000fce00000)
 ParOldGen       total 146432K, used 60193K [0x00000000a0000000, 0x00000000a8f00000, 0x00000000e0000000)
  object space 146432K, 41% used [0x00000000a0000000,0x00000000a3ac85a8,0x00000000a8f00000)
 Metaspace       used 63464K, capacity 65228K, committed 65408K, reserved 1105920K
  class space    used 8123K, capacity 8548K, committed 8576K, reserved 1048576K
}

